# JRE version: OpenJDK Runtime Environment (11.0.13) (build 11.0.13+0-b1751.21-8125866)
# Java VM: OpenJDK 64-Bit Server VM (11.0.13+0-b1751.21-8125866, mixed mode, tiered, compressed oops, g1 gc, windows-amd64)
Heap:
 garbage-first heap   total 172032K, used 112398K [0x0000000080000000, 0x0000000100000000)
  region size 1024K, 4 young (4096K), 1 survivors (1024K)
 Metaspace       used 141155K, capacity 146054K, committed 146512K, reserved 1177600K
  class space    used 17530K, capacity 19378K, committed 19456K, reserved 1048576K
GC Heap History (20 events):
Event: 7729.668 GC heap before
{Heap before GC invocations=197 (full 0):
 garbage-first heap   total 172032K, used 113950K [0x0000000080000000, 0x0000000100000000)
  region size 1024K, 8 young (8192K), 3 survivors (3072K)
 Metaspace       used 132128K, capacity 136685K, committed 138064K, reserved 1169408K
  class space    used 16462K, capacity 18149K, committed 18432K, reserved 1048576K
}
Event: 7729.685 GC heap after
{Heap after GC invocations=198 (full 0):
 garbage-first heap   total 172032K, used 102462K [0x0000000080000000, 0x0000000100000000)
  region size 1024K, 1 young (1024K), 1 survivors (1024K)
 Metaspace       used 132128K, capacity 136685K, committed 138064K, reserved 1169408K
  class space    used 16462K, capacity 18149K, committed 18432K, reserved 1048576K
}
Event: 7730.175 GC heap before
{Heap before GC invocations=198 (full 0):
 garbage-first heap   total 172032K, used 131134K [0x0000000080000000, 0x0000000100000000)
  region size 1024K, 30 young (30720K), 1 survivors (1024K)
 Metaspace       used 132533K, capacity 137127K, committed 138576K, reserved 1169408K
  class space    used 16478K, capacity 18165K, committed 18432K, reserved 1048576K
}
Event: 7730.183 GC heap after
{Heap after GC invocations=199 (full 0):
 garbage-first heap   total 172032K, used 104155K [0x0000000080000000, 0x0000000100000000)
  region size 1024K, 3 young (3072K), 3 survivors (3072K)
 Metaspace       used 132533K, capacity 137127K, committed 138576K, reserved 1169408K
  class space    used 16478K, capacity 18165K, committed 18432K, reserved 1048576K
}
Event: 7752.523 GC heap before
{Heap before GC invocations=200 (full 0):
 garbage-first heap   total 172032K, used 132827K [0x0000000080000000, 0x0000000100000000)
  region size 1024K, 32 young (32768K), 3 survivors (3072K)
 Metaspace       used 133060K, capacity 137700K, committed 138832K, reserved 1169408K
  class space    used 16529K, capacity 18247K, committed 18432K, reserved 1048576K
}
Event: 7752.585 GC heap after
{Heap after GC invocations=201 (full 0):
 garbage-first heap   total 172032K, used 105603K [0x0000000080000000, 0x0000000100000000)
  region size 1024K, 2 young (2048K), 2 survivors (2048K)
 Metaspace       used 133060K, capacity 137700K, committed 138832K, reserved 1169408K
  class space    used 16529K, capacity 18247K, committed 18432K, reserved 1048576K
}
Event: 7753.179 GC heap before
{Heap before GC invocations=201 (full 0):
 garbage-first heap   total 172032K, used 111747K [0x0000000080000000, 0x0000000100000000)
  region size 1024K, 8 young (8192K), 2 survivors (2048K)
 Metaspace       used 133087K, capacity 137774K, committed 138832K, reserved 1169408K
  class space    used 16531K, capacity 18250K, committed 18432K, reserved 1048576K
}
Event: 7753.205 GC heap after
{Heap after GC invocations=202 (full 0):
 garbage-first heap   total 172032K, used 105797K [0x0000000080000000, 0x0000000100000000)
  region size 1024K, 1 young (1024K), 1 survivors (1024K)
 Metaspace       used 133087K, capacity 137774K, committed 138832K, reserved 1169408K
  class space    used 16531K, capacity 18250K, committed 18432K, reserved 1048576K
}
Event: 7755.243 GC heap before
{Heap before GC invocations=202 (full 0):
 garbage-first heap   total 172032K, used 131397K [0x0000000080000000, 0x0000000100000000)
  region size 1024K, 28 young (28672K), 1 survivors (1024K)
 Metaspace       used 138959K, capacity 143808K, committed 144720K, reserved 1175552K
  class space    used 17277K, capacity 19069K, committed 19200K, reserved 1048576K
}
Event: 7755.264 GC heap after
{Heap after GC invocations=203 (full 0):
 garbage-first heap   total 172032K, used 107094K [0x0000000080000000, 0x0000000100000000)
  region size 1024K, 3 young (3072K), 3 survivors (3072K)
 Metaspace       used 138959K, capacity 143808K, committed 144720K, reserved 1175552K
  class space    used 17277K, capacity 19069K, committed 19200K, reserved 1048576K
}
Event: 7758.081 GC heap before
{Heap before GC invocations=204 (full 0):
 garbage-first heap   total 172032K, used 137814K [0x0000000080000000, 0x0000000100000000)
  region size 1024K, 32 young (32768K), 3 survivors (3072K)
 Metaspace       used 140831K, capacity 145763K, committed 146384K, reserved 1177600K
  class space    used 17488K, capacity 19312K, committed 19328K, reserved 1048576K
}
Event: 7758.090 GC heap after
{Heap after GC invocations=205 (full 0):
 garbage-first heap   total 172032K, used 109805K [0x0000000080000000, 0x0000000100000000)
  region size 1024K, 2 young (2048K), 2 survivors (2048K)
 Metaspace       used 140831K, capacity 145763K, committed 146384K, reserved 1177600K
  class space    used 17488K, capacity 19312K, committed 19328K, reserved 1048576K
}
Event: 7758.496 GC heap before
{Heap before GC invocations=205 (full 0):
 garbage-first heap   total 172032K, used 115949K [0x0000000080000000, 0x0000000100000000)
  region size 1024K, 8 young (8192K), 2 survivors (2048K)
 Metaspace       used 141037K, capacity 145941K, committed 146512K, reserved 1177600K
  class space    used 17522K, capacity 19332K, committed 19456K, reserved 1048576K
}
Event: 7758.515 GC heap after
{Heap after GC invocations=206 (full 0):
 garbage-first heap   total 172032K, used 106369K [0x0000000080000000, 0x0000000100000000)
  region size 1024K, 1 young (1024K), 1 survivors (1024K)
 Metaspace       used 141037K, capacity 145941K, committed 146512K, reserved 1177600K
  class space    used 17522K, capacity 19332K, committed 19456K, reserved 1048576K
}
Event: 7772.470 GC heap before
{Heap before GC invocations=206 (full 0):
 garbage-first heap   total 172032K, used 137089K [0x0000000080000000, 0x0000000100000000)
  region size 1024K, 32 young (32768K), 1 survivors (1024K)
 Metaspace       used 141114K, capacity 146037K, committed 146512K, reserved 1177600K
  class space    used 17529K, capacity 19375K, committed 19456K, reserved 1048576K
}
Event: 7772.552 GC heap after
{Heap after GC invocations=207 (full 0):
 garbage-first heap   total 172032K, used 109654K [0x0000000080000000, 0x0000000100000000)
  region size 1024K, 4 young (4096K), 4 survivors (4096K)
 Metaspace       used 141114K, capacity 146037K, committed 146512K, reserved 1177600K
  class space    used 17529K, capacity 19375K, committed 19456K, reserved 1048576K
}
Event: 7773.969 GC heap before
{Heap before GC invocations=208 (full 0):
 garbage-first heap   total 172032K, used 139350K [0x0000000080000000, 0x0000000100000000)
  region size 1024K, 34 young (34816K), 4 survivors (4096K)
 Metaspace       used 141149K, capacity 146048K, committed 146512K, reserved 1177600K
  class space    used 17530K, capacity 19377K, committed 19456K, reserved 1048576K
}
Event: 7773.996 GC heap after
{Heap after GC invocations=209 (full 0):
 garbage-first heap   total 172032K, used 113435K [0x0000000080000000, 0x0000000100000000)
  region size 1024K, 4 young (4096K), 4 survivors (4096K)
 Metaspace       used 141149K, capacity 146048K, committed 146512K, reserved 1177600K
  class space    used 17530K, capacity 19377K, committed 19456K, reserved 1048576K
}
Event: 7774.010 GC heap before
{Heap before GC invocations=209 (full 0):
 garbage-first heap   total 172032K, used 116507K [0x0000000080000000, 0x0000000100000000)
  region size 1024K, 8 young (8192K), 4 survivors (4096K)
 Metaspace       used 141150K, capacity 146048K, committed 146512K, reserved 1177600K
  class space    used 17530K, capacity 19377K, committed 19456K, reserved 1048576K
}
Event: 7774.051 GC heap after
{Heap after GC invocations=210 (full 0):
 garbage-first heap   total 172032K, used 110350K [0x0000000080000000, 0x0000000100000000)
  region size 1024K, 1 young (1024K), 1 survivors (1024K)
 Metaspace       used 141150K, capacity 146048K, committed 146512K, reserved 1177600K
  class space    used 17530K, capacity 19377K, committed 19456K, reserved 1048576K
}

