# JRE version: OpenJDK Runtime Environment (11.0.13) (build 11.0.13+0-b1751.21-8125866)
# Java VM: OpenJDK 64-Bit Server VM (11.0.13+0-b1751.21-8125866, mixed mode, tiered, compressed oops, g1 gc, windows-amd64)
Heap:
 garbage-first heap   total 218112K, used 124287K [0x0000000080000000, 0x0000000100000000)
  region size 1024K, 4 young (4096K), 2 survivors (2048K)
 Metaspace       used 122005K, capacity 125940K, committed 127484K, reserved 1159168K
  class space    used 16011K, capacity 17586K, committed 18252K, reserved 1048576K
GC Heap History (20 events):
Event: 34.291 GC heap before
{Heap before GC invocations=47 (full 0):
 garbage-first heap   total 150528K, used 119883K [0x0000000080000000, 0x0000000100000000)
  region size 1024K, 43 young (44032K), 6 survivors (6144K)
 Metaspace       used 88818K, capacity 91120K, committed 91388K, reserved 1128448K
  class space    used 11472K, capacity 12338K, committed 12364K, reserved 1048576K
}
Event: 34.302 GC heap after
{Heap after GC invocations=48 (full 0):
 garbage-first heap   total 181248K, used 84800K [0x0000000080000000, 0x0000000100000000)
  region size 1024K, 5 young (5120K), 5 survivors (5120K)
 Metaspace       used 88818K, capacity 91120K, committed 91388K, reserved 1128448K
  class space    used 11472K, capacity 12338K, committed 12364K, reserved 1048576K
}
Event: 34.840 GC heap before
{Heap before GC invocations=48 (full 0):
 garbage-first heap   total 181248K, used 133952K [0x0000000080000000, 0x0000000100000000)
  region size 1024K, 54 young (55296K), 5 survivors (5120K)
 Metaspace       used 90407K, capacity 92671K, committed 92924K, reserved 1130496K
  class space    used 11678K, capacity 12532K, committed 12620K, reserved 1048576K
}
Event: 34.849 GC heap after
{Heap after GC invocations=49 (full 0):
 garbage-first heap   total 181248K, used 86817K [0x0000000080000000, 0x0000000100000000)
  region size 1024K, 4 young (4096K), 4 survivors (4096K)
 Metaspace       used 90407K, capacity 92671K, committed 92924K, reserved 1130496K
  class space    used 11678K, capacity 12532K, committed 12620K, reserved 1048576K
}
Event: 37.954 GC heap before
{Heap before GC invocations=49 (full 0):
 garbage-first heap   total 181248K, used 138017K [0x0000000080000000, 0x0000000100000000)
  region size 1024K, 54 young (55296K), 4 survivors (4096K)
 Metaspace       used 93176K, capacity 95422K, committed 95484K, reserved 1132544K
  class space    used 11991K, capacity 12857K, committed 12876K, reserved 1048576K
}
Event: 37.972 GC heap after
{Heap after GC invocations=50 (full 0):
 garbage-first heap   total 181248K, used 92572K [0x0000000080000000, 0x0000000100000000)
  region size 1024K, 7 young (7168K), 7 survivors (7168K)
 Metaspace       used 93176K, capacity 95422K, committed 95484K, reserved 1132544K
  class space    used 11991K, capacity 12857K, committed 12876K, reserved 1048576K
}
Event: 38.720 GC heap before
{Heap before GC invocations=51 (full 0):
 garbage-first heap   total 181248K, used 140700K [0x0000000080000000, 0x0000000100000000)
  region size 1024K, 55 young (56320K), 7 survivors (7168K)
 Metaspace       used 94670K, capacity 96760K, committed 97276K, reserved 1134592K
  class space    used 12132K, capacity 12976K, committed 13132K, reserved 1048576K
}
Event: 38.737 GC heap after
{Heap after GC invocations=52 (full 0):
 garbage-first heap   total 181248K, used 93563K [0x0000000080000000, 0x0000000100000000)
  region size 1024K, 5 young (5120K), 5 survivors (5120K)
 Metaspace       used 94670K, capacity 96760K, committed 97276K, reserved 1134592K
  class space    used 12132K, capacity 12976K, committed 13132K, reserved 1048576K
}
Event: 39.805 GC heap before
{Heap before GC invocations=52 (full 0):
 garbage-first heap   total 181248K, used 141691K [0x0000000080000000, 0x0000000100000000)
  region size 1024K, 53 young (54272K), 5 survivors (5120K)
 Metaspace       used 100505K, capacity 102730K, committed 103164K, reserved 1138688K
  class space    used 12867K, capacity 13724K, committed 13900K, reserved 1048576K
}
Event: 39.819 GC heap after
{Heap after GC invocations=53 (full 0):
 garbage-first heap   total 218112K, used 97165K [0x0000000080000000, 0x0000000100000000)
  region size 1024K, 6 young (6144K), 6 survivors (6144K)
 Metaspace       used 100505K, capacity 102730K, committed 103164K, reserved 1138688K
  class space    used 12867K, capacity 13724K, committed 13900K, reserved 1048576K
}
Event: 41.350 GC heap before
{Heap before GC invocations=54 (full 0):
 garbage-first heap   total 218112K, used 160653K [0x0000000080000000, 0x0000000100000000)
  region size 1024K, 67 young (68608K), 6 survivors (6144K)
 Metaspace       used 104684K, capacity 107092K, committed 107132K, reserved 1142784K
  class space    used 13343K, capacity 14264K, committed 14284K, reserved 1048576K
}
Event: 41.365 GC heap after
{Heap after GC invocations=55 (full 0):
 garbage-first heap   total 218112K, used 103379K [0x0000000080000000, 0x0000000100000000)
  region size 1024K, 8 young (8192K), 8 survivors (8192K)
 Metaspace       used 104684K, capacity 107092K, committed 107132K, reserved 1142784K
  class space    used 13343K, capacity 14264K, committed 14284K, reserved 1048576K
}
Event: 42.572 GC heap before
{Heap before GC invocations=55 (full 0):
 garbage-first heap   total 218112K, used 167891K [0x0000000080000000, 0x0000000100000000)
  region size 1024K, 70 young (71680K), 8 survivors (8192K)
 Metaspace       used 111917K, capacity 115048K, committed 115324K, reserved 1148928K
  class space    used 14479K, capacity 15710K, committed 15820K, reserved 1048576K
}
Event: 42.591 GC heap after
{Heap after GC invocations=56 (full 0):
 garbage-first heap   total 218112K, used 109530K [0x0000000080000000, 0x0000000100000000)
  region size 1024K, 9 young (9216K), 9 survivors (9216K)
 Metaspace       used 111917K, capacity 115048K, committed 115324K, reserved 1148928K
  class space    used 14479K, capacity 15710K, committed 15820K, reserved 1048576K
}
Event: 43.409 GC heap before
{Heap before GC invocations=56 (full 0):
 garbage-first heap   total 218112K, used 169946K [0x0000000080000000, 0x0000000100000000)
  region size 1024K, 69 young (70656K), 9 survivors (9216K)
 Metaspace       used 119049K, capacity 123211K, committed 123388K, reserved 1155072K
  class space    used 15772K, capacity 17464K, committed 17484K, reserved 1048576K
}
Event: 43.430 GC heap after
{Heap after GC invocations=57 (full 0):
 garbage-first heap   total 218112K, used 110796K [0x0000000080000000, 0x0000000100000000)
  region size 1024K, 3 young (3072K), 3 survivors (3072K)
 Metaspace       used 119049K, capacity 123211K, committed 123388K, reserved 1155072K
  class space    used 15772K, capacity 17464K, committed 17484K, reserved 1048576K
}
Event: 44.354 GC heap before
{Heap before GC invocations=58 (full 0):
 garbage-first heap   total 218112K, used 163020K [0x0000000080000000, 0x0000000100000000)
  region size 1024K, 55 young (56320K), 3 survivors (3072K)
 Metaspace       used 121127K, capacity 125547K, committed 125692K, reserved 1157120K
  class space    used 16122K, capacity 17942K, committed 17996K, reserved 1048576K
}
Event: 44.384 GC heap after
{Heap after GC invocations=59 (full 0):
 garbage-first heap   total 218112K, used 116603K [0x0000000080000000, 0x0000000100000000)
  region size 1024K, 8 young (8192K), 8 survivors (8192K)
 Metaspace       used 121127K, capacity 125547K, committed 125692K, reserved 1157120K
  class space    used 16122K, capacity 17942K, committed 17996K, reserved 1048576K
}
Event: 45.173 GC heap before
{Heap before GC invocations=60 (full 0):
 garbage-first heap   total 218112K, used 145275K [0x0000000080000000, 0x0000000100000000)
  region size 1024K, 37 young (37888K), 8 survivors (8192K)
 Metaspace       used 121974K, capacity 125940K, committed 127484K, reserved 1159168K
  class space    used 16008K, capacity 17586K, committed 18252K, reserved 1048576K
}
Event: 45.181 GC heap after
{Heap after GC invocations=61 (full 0):
 garbage-first heap   total 218112K, used 111999K [0x0000000080000000, 0x0000000100000000)
  region size 1024K, 2 young (2048K), 2 survivors (2048K)
 Metaspace       used 121974K, capacity 125940K, committed 127484K, reserved 1159168K
  class space    used 16008K, capacity 17586K, committed 18252K, reserved 1048576K
}

